15:15:28.493 [JavaFX Application Thread] DEBUG GameApplication      - Logger initialized
15:15:28.505 [JavaFX Application Thread] DEBUG GameApplication      - Logging settings
Title: Discord Token Info - Credits 
Version: 0.0
Width: 800
Height: 600
Fullscreen: true
Intro: false
Menus: false
Profiling: false
Single step:false
App Mode: DEVELOPER
Menu Key: ESCAPE
Stage Style: DECORATED
Scene Factory: class com.almasb.fxgl.scene.SceneFactory
Dialog Factory: class com.almasb.fxgl.ui.FXGLDialogFactory
UI Factory: class com.almasb.fxgl.ui.FXGLUIFactory
Notification Service: class com.almasb.fxgl.gameplay.notification.XboxNotificationView
Exception Handler: class com.almasb.fxgl.app.FXGLExceptionHandler
15:15:28.505 [JavaFX Application Thread] DEBUG GameApplication      - Starting FXGL
15:15:28.513 [JavaFX Application Thread] INFO  FXGL                 - FXGL-0.5.4 on DESKTOP
15:15:28.514 [JavaFX Application Thread] INFO  FXGL                 - Source code and latest versions at: https://github.com/AlmasB/FXGL
15:15:28.514 [JavaFX Application Thread] INFO  FXGL                 -              Join the FXGL chat at: https://gitter.im/AlmasB/FXGL
15:15:28.514 [JavaFX Application Thread] DEBUG FXGL                 - FXGL started
15:15:28.514 [JavaFX Application Thread] DEBUG FXGL                 - Initializing FXGL
15:15:28.557 [JavaFX Application Thread] DEBUG AssetLoader          - Loading from disk: /assets/ui/cursors/fxgl_default.png
15:15:28.639 [JavaFX Application Thread] DEBUG AssetLoader          - Loading from disk: /assets/ui/fonts/VarelaRound-Regular.ttf
15:15:28.698 [JavaFX Application Thread] DEBUG MainWindow           - Creating a JavaFX scene
15:15:28.734 [JavaFX Application Thread] DEBUG MainWindow           - Target settings size: 800.0 x 600.0
15:15:28.735 [JavaFX Application Thread] DEBUG MainWindow           - Scaled scene size:    800.0 x 600.0
15:15:28.735 [JavaFX Application Thread] DEBUG MainWindow           - Scaled ratio: (1.0, 1.0)
15:15:28.738 [JavaFX Application Thread] DEBUG AssetLoader          - Loading from disk: /assets/ui/css/fxgl_dark.css
15:15:28.742 [JavaFX Application Thread] DEBUG AssetLoader          - Loading from disk: /assets/textures/fxgl_icon.png
15:15:28.764 [JavaFX Application Thread] DEBUG MainWindow           - Opening main window
15:15:28.967 [JavaFX Application Thread] DEBUG MainWindow           - Window border size: (0.0, 35.0)
15:15:28.967 [JavaFX Application Thread] DEBUG MainWindow           - Scaled size: 800.0 x 565.0
15:15:28.967 [JavaFX Application Thread] DEBUG MainWindow           - Scaled ratio: (1.0, 0.9416666666666667)
15:15:28.968 [JavaFX Application Thread] DEBUG MainWindow           - Scene size: 800.0 x 600.0
15:15:28.968 [JavaFX Application Thread] DEBUG MainWindow           - Stage size: 800.0 x 600.0
15:15:29.005 [ForkJoinPool.commonPool-worker-1] DEBUG FS                   - Loaded DesktopFSService
15:15:29.005 [ForkJoinPool.commonPool-worker-1] DEBUG FXGL                 - Loading FXGL system data
15:15:29.028 [ForkJoinPool.commonPool-worker-1] DEBUG DesktopFSService     - Reading from: system/fxgl.bundle
15:15:29.036 [ForkJoinPool.commonPool-worker-1] DEBUG Bundle               - Logging bundle: FXGL
15:15:29.037 [ForkJoinPool.commonPool-worker-1] DEBUG Bundle               - FXGL.offline.timer.version.check=2021-09-09T15:10:52.920
15:15:29.038 [ForkJoinPool.commonPool-worker-1] DEBUG FXGL                 - Initializing state machine and application states
15:15:29.040 [ForkJoinPool.commonPool-worker-1] DEBUG AssetLoader          - Loading from disk: /assets/ui/cursors/fxgl_default.png
15:15:29.044 [ForkJoinPool.commonPool-worker-1] DEBUG AssetLoader          - Loading from disk: /assets/ui/cursors/fxgl_default.png
15:15:29.050 [ForkJoinPool.commonPool-worker-1] DEBUG AssetLoader          - Loading from cache: /assets/ui/fonts/VarelaRound-Regular.ttf
15:15:29.053 [ForkJoinPool.commonPool-worker-1] DEBUG AssetLoader          - Loading from disk: /assets/ui/cursors/fxgl_default.png
15:15:29.056 [ForkJoinPool.commonPool-worker-1] DEBUG GameScene            - Game scene initialized: 800x600
15:15:29.060 [ForkJoinPool.commonPool-worker-1] DEBUG GameWorld            - Game world initialized
15:15:29.123 [ForkJoinPool.commonPool-worker-1] DEBUG PhysicsWorld         - Physics world initialized: appHeight=600, physics.ppm=50,0
15:15:29.143 [ForkJoinPool.commonPool-worker-1] DEBUG Input                - Registered new binding: Pause - Esc
15:15:29.196 [JavaFX Application Thread] DEBUG FXGL                 - Running preInit()
15:15:29.198 [JavaFX Application Thread] DEBUG Input                - Registered new binding: Screenshot - P
15:15:29.199 [JavaFX Application Thread] DEBUG Input                - Registered new binding: Dev Options - CTRL+0
15:15:29.200 [JavaFX Application Thread] DEBUG Input                - Registered new binding: System info dump - CTRL+9
15:15:29.200 [JavaFX Application Thread] DEBUG Input                - Registered new binding: Restart - CTRL+R
15:15:29.201 [JavaFX Application Thread] INFO  FXGL                 - FXGL initialization took: 0,686 sec
15:15:29.201 [JavaFX Application Thread] DEBUG LoopRunner           - Starting loop
15:15:29.203 [JavaFX Application Thread] DEBUG StartupState         - STARTUP
15:15:29.203 [JavaFX Application Thread] DEBUG GameApplication      - Starting new game
15:15:29.203 [JavaFX Application Thread] DEBUG Input                - Clearing active input actions
15:15:29.204 [JavaFX Application Thread] DEBUG AssetLoader          - Loading from disk: /assets/ui/css/fxgl_dark.css
15:15:29.212 [JavaFX Application Thread] DEBUG AppStateMachine      - StartupState -> LoadingState
15:15:29.217 [FXGL Background Thread 1 ] DEBUG InitAppTask          - Clearing previous game
15:15:29.217 [FXGL Background Thread 1 ] DEBUG GameWorld            - Clearing game world
15:15:29.217 [FXGL Background Thread 1 ] DEBUG PhysicsWorld         - Clearing physics world
15:15:29.217 [FXGL Background Thread 1 ] DEBUG GameScene            - Clearing game scene
15:15:29.219 [FXGL Background Thread 1 ] DEBUG InitAppTask          - Initializing Game
15:15:29.247 [FXGL Background Thread 1 ] DEBUG InitAppTask          - Initializing Physics
15:15:29.247 [FXGL Background Thread 1 ] DEBUG InitAppTask          - Initializing UI
15:15:29.247 [FXGL Background Thread 1 ] DEBUG InitAppTask          - Initialization Complete
15:15:29.248 [FXGL Background Thread 1 ] INFO  InitAppTask          - Game initialization took: 0,031 sec
15:15:29.254 [JavaFX Application Thread] DEBUG Input                - Clearing active input actions
15:15:29.254 [JavaFX Application Thread] DEBUG AssetLoader          - Loading from disk: /assets/ui/css/fxgl_dark.css
15:15:29.260 [JavaFX Application Thread] DEBUG AppStateMachine      - LoadingState -> PlayState
15:15:36.612 [JavaFX Application Thread] DEBUG FXGL                 - Exiting FXGL
15:15:36.612 [JavaFX Application Thread] DEBUG FXGL                 - Shutting down background threads
15:15:36.613 [JavaFX Application Thread] DEBUG FXGL                 - Saving FXGL system data
15:15:36.617 [JavaFX Application Thread] DEBUG DesktopFSService     - Writing to: system/fxgl.bundle
15:15:36.624 [JavaFX Application Thread] DEBUG FXGL                 - Closing logger and exiting JavaFX
