15:11:03.699 [JavaFX Application Thread] DEBUG GameApplication      - Logger initialized
15:11:03.712 [JavaFX Application Thread] DEBUG GameApplication      - Logging settings
Title: Basic Game App
Version: 0.0
Width: 800
Height: 600
Fullscreen: false
Intro: false
Menus: false
Profiling: false
Single step:false
App Mode: DEVELOPER
Menu Key: ESCAPE
Stage Style: DECORATED
Scene Factory: class com.almasb.fxgl.scene.SceneFactory
Dialog Factory: class com.almasb.fxgl.ui.FXGLDialogFactory
UI Factory: class com.almasb.fxgl.ui.FXGLUIFactory
Notification Service: class com.almasb.fxgl.gameplay.notification.XboxNotificationView
Exception Handler: class com.almasb.fxgl.app.FXGLExceptionHandler
15:11:03.712 [JavaFX Application Thread] DEBUG GameApplication      - Starting FXGL
15:11:03.721 [JavaFX Application Thread] INFO  FXGL                 - FXGL-0.5.4 on DESKTOP
15:11:03.721 [JavaFX Application Thread] INFO  FXGL                 - Source code and latest versions at: https://github.com/AlmasB/FXGL
15:11:03.721 [JavaFX Application Thread] INFO  FXGL                 -              Join the FXGL chat at: https://gitter.im/AlmasB/FXGL
15:11:03.722 [JavaFX Application Thread] DEBUG FXGL                 - FXGL started
15:11:03.722 [JavaFX Application Thread] DEBUG FXGL                 - Initializing FXGL
15:11:03.773 [JavaFX Application Thread] DEBUG AssetLoader          - Loading from disk: /assets/ui/cursors/fxgl_default.png
15:11:03.859 [JavaFX Application Thread] DEBUG AssetLoader          - Loading from disk: /assets/ui/fonts/VarelaRound-Regular.ttf
15:11:03.924 [JavaFX Application Thread] DEBUG MainWindow           - Creating a JavaFX scene
15:11:03.965 [JavaFX Application Thread] DEBUG MainWindow           - Target settings size: 800.0 x 600.0
15:11:03.965 [JavaFX Application Thread] DEBUG MainWindow           - Scaled scene size:    800.0 x 600.0
15:11:03.965 [JavaFX Application Thread] DEBUG MainWindow           - Scaled ratio: (1.0, 1.0)
15:11:03.968 [JavaFX Application Thread] DEBUG AssetLoader          - Loading from disk: /assets/ui/css/fxgl_dark.css
15:11:03.973 [JavaFX Application Thread] DEBUG AssetLoader          - Loading from disk: /assets/textures/fxgl_icon.png
15:11:03.995 [JavaFX Application Thread] DEBUG MainWindow           - Opening main window
15:11:04.132 [JavaFX Application Thread] DEBUG MainWindow           - Window border size: (0.0, 35.0)
15:11:04.132 [JavaFX Application Thread] DEBUG MainWindow           - Scaled size: 800.0 x 565.0
15:11:04.132 [JavaFX Application Thread] DEBUG MainWindow           - Scaled ratio: (1.0, 0.9416666666666667)
15:11:04.132 [JavaFX Application Thread] DEBUG MainWindow           - Scene size: 800.0 x 600.0
15:11:04.132 [JavaFX Application Thread] DEBUG MainWindow           - Stage size: 800.0 x 600.0
15:11:04.171 [ForkJoinPool.commonPool-worker-1] DEBUG FS                   - Loaded DesktopFSService
15:11:04.171 [ForkJoinPool.commonPool-worker-1] DEBUG FXGL                 - Loading FXGL system data
15:11:04.237 [ForkJoinPool.commonPool-worker-1] DEBUG DesktopFSService     - Reading from: system/fxgl.bundle
15:11:04.248 [ForkJoinPool.commonPool-worker-1] DEBUG Bundle               - Logging bundle: FXGL
15:11:04.249 [ForkJoinPool.commonPool-worker-1] DEBUG Bundle               - FXGL.offline.timer.version.check=2021-09-09T15:10:52.920
15:11:04.250 [ForkJoinPool.commonPool-worker-1] DEBUG FXGL                 - Initializing state machine and application states
15:11:04.252 [ForkJoinPool.commonPool-worker-1] DEBUG AssetLoader          - Loading from disk: /assets/ui/cursors/fxgl_default.png
15:11:04.261 [ForkJoinPool.commonPool-worker-1] DEBUG AssetLoader          - Loading from disk: /assets/ui/cursors/fxgl_default.png
15:11:04.271 [ForkJoinPool.commonPool-worker-1] DEBUG AssetLoader          - Loading from cache: /assets/ui/fonts/VarelaRound-Regular.ttf
15:11:04.274 [ForkJoinPool.commonPool-worker-1] DEBUG AssetLoader          - Loading from disk: /assets/ui/cursors/fxgl_default.png
15:11:04.278 [ForkJoinPool.commonPool-worker-1] DEBUG GameScene            - Game scene initialized: 800x600
15:11:04.286 [ForkJoinPool.commonPool-worker-1] DEBUG GameWorld            - Game world initialized
15:11:04.368 [ForkJoinPool.commonPool-worker-1] DEBUG PhysicsWorld         - Physics world initialized: appHeight=600, physics.ppm=50,0
15:11:04.388 [ForkJoinPool.commonPool-worker-1] DEBUG Input                - Registered new binding: Pause - Esc
15:11:04.439 [JavaFX Application Thread] DEBUG FXGL                 - Running preInit()
15:11:04.442 [JavaFX Application Thread] DEBUG Input                - Registered new binding: Screenshot - P
15:11:04.442 [JavaFX Application Thread] DEBUG Input                - Registered new binding: Dev Options - CTRL+0
15:11:04.443 [JavaFX Application Thread] DEBUG Input                - Registered new binding: System info dump - CTRL+9
15:11:04.444 [JavaFX Application Thread] DEBUG Input                - Registered new binding: Restart - CTRL+R
15:11:04.444 [JavaFX Application Thread] INFO  FXGL                 - FXGL initialization took: 0,722 sec
15:11:04.445 [JavaFX Application Thread] DEBUG LoopRunner           - Starting loop
15:11:04.446 [JavaFX Application Thread] DEBUG StartupState         - STARTUP
15:11:04.446 [JavaFX Application Thread] DEBUG GameApplication      - Starting new game
15:11:04.447 [JavaFX Application Thread] DEBUG Input                - Clearing active input actions
15:11:04.448 [JavaFX Application Thread] DEBUG AssetLoader          - Loading from disk: /assets/ui/css/fxgl_dark.css
15:11:04.456 [JavaFX Application Thread] DEBUG AppStateMachine      - StartupState -> LoadingState
15:11:04.461 [FXGL Background Thread 1 ] DEBUG InitAppTask          - Clearing previous game
15:11:04.461 [FXGL Background Thread 1 ] DEBUG GameWorld            - Clearing game world
15:11:04.462 [FXGL Background Thread 1 ] DEBUG PhysicsWorld         - Clearing physics world
15:11:04.462 [FXGL Background Thread 1 ] DEBUG GameScene            - Clearing game scene
15:11:04.467 [FXGL Background Thread 1 ] DEBUG InitAppTask          - Initializing Game
15:11:04.497 [FXGL Background Thread 1 ] DEBUG InitAppTask          - Initializing Physics
15:11:04.497 [FXGL Background Thread 1 ] DEBUG InitAppTask          - Initializing UI
15:11:04.497 [FXGL Background Thread 1 ] DEBUG InitAppTask          - Initialization Complete
15:11:04.497 [FXGL Background Thread 1 ] INFO  InitAppTask          - Game initialization took: 0,036 sec
15:11:04.536 [JavaFX Application Thread] DEBUG Input                - Clearing active input actions
15:11:04.537 [JavaFX Application Thread] DEBUG AssetLoader          - Loading from disk: /assets/ui/css/fxgl_dark.css
15:11:04.543 [JavaFX Application Thread] DEBUG AppStateMachine      - LoadingState -> PlayState
15:11:06.035 [JavaFX Application Thread] DEBUG FXGL                 - Exiting FXGL
15:11:06.035 [JavaFX Application Thread] DEBUG FXGL                 - Shutting down background threads
15:11:06.036 [JavaFX Application Thread] DEBUG FXGL                 - Saving FXGL system data
15:11:06.040 [JavaFX Application Thread] DEBUG DesktopFSService     - Writing to: system/fxgl.bundle
15:11:06.046 [JavaFX Application Thread] DEBUG FXGL                 - Closing logger and exiting JavaFX
