15:13:51.825 [JavaFX Application Thread] DEBUG GameApplication      - Logger initialized
15:13:51.838 [JavaFX Application Thread] DEBUG GameApplication      - Logging settings
Title: Discord Token Info - Credits 
Version: 0.0
Width: 800
Height: 600
Fullscreen: false
Intro: false
Menus: false
Profiling: false
Single step:false
App Mode: DEVELOPER
Menu Key: ESCAPE
Stage Style: DECORATED
Scene Factory: class com.almasb.fxgl.scene.SceneFactory
Dialog Factory: class com.almasb.fxgl.ui.FXGLDialogFactory
UI Factory: class com.almasb.fxgl.ui.FXGLUIFactory
Notification Service: class com.almasb.fxgl.gameplay.notification.XboxNotificationView
Exception Handler: class com.almasb.fxgl.app.FXGLExceptionHandler
15:13:51.838 [JavaFX Application Thread] DEBUG GameApplication      - Starting FXGL
15:13:51.847 [JavaFX Application Thread] INFO  FXGL                 - FXGL-0.5.4 on DESKTOP
15:13:51.848 [JavaFX Application Thread] INFO  FXGL                 - Source code and latest versions at: https://github.com/AlmasB/FXGL
15:13:51.848 [JavaFX Application Thread] INFO  FXGL                 -              Join the FXGL chat at: https://gitter.im/AlmasB/FXGL
15:13:51.848 [JavaFX Application Thread] DEBUG FXGL                 - FXGL started
15:13:51.848 [JavaFX Application Thread] DEBUG FXGL                 - Initializing FXGL
15:13:51.893 [JavaFX Application Thread] DEBUG AssetLoader          - Loading from disk: /assets/ui/cursors/fxgl_default.png
15:13:51.976 [JavaFX Application Thread] DEBUG AssetLoader          - Loading from disk: /assets/ui/fonts/VarelaRound-Regular.ttf
15:13:52.037 [JavaFX Application Thread] DEBUG MainWindow           - Creating a JavaFX scene
15:13:52.075 [JavaFX Application Thread] DEBUG MainWindow           - Target settings size: 800.0 x 600.0
15:13:52.075 [JavaFX Application Thread] DEBUG MainWindow           - Scaled scene size:    800.0 x 600.0
15:13:52.075 [JavaFX Application Thread] DEBUG MainWindow           - Scaled ratio: (1.0, 1.0)
15:13:52.079 [JavaFX Application Thread] DEBUG AssetLoader          - Loading from disk: /assets/ui/css/fxgl_dark.css
15:13:52.083 [JavaFX Application Thread] DEBUG AssetLoader          - Loading from disk: /assets/textures/fxgl_icon.png
15:13:52.109 [JavaFX Application Thread] DEBUG MainWindow           - Opening main window
15:13:52.240 [JavaFX Application Thread] DEBUG MainWindow           - Window border size: (0.0, 35.0)
15:13:52.240 [JavaFX Application Thread] DEBUG MainWindow           - Scaled size: 800.0 x 565.0
15:13:52.241 [JavaFX Application Thread] DEBUG MainWindow           - Scaled ratio: (1.0, 0.9416666666666667)
15:13:52.241 [JavaFX Application Thread] DEBUG MainWindow           - Scene size: 800.0 x 600.0
15:13:52.241 [JavaFX Application Thread] DEBUG MainWindow           - Stage size: 800.0 x 600.0
15:13:52.282 [ForkJoinPool.commonPool-worker-1] DEBUG FS                   - Loaded DesktopFSService
15:13:52.282 [ForkJoinPool.commonPool-worker-1] DEBUG FXGL                 - Loading FXGL system data
15:13:52.287 [ForkJoinPool.commonPool-worker-1] DEBUG DesktopFSService     - Reading from: system/fxgl.bundle
15:13:52.295 [ForkJoinPool.commonPool-worker-1] DEBUG Bundle               - Logging bundle: FXGL
15:13:52.295 [ForkJoinPool.commonPool-worker-1] DEBUG Bundle               - FXGL.offline.timer.version.check=2021-09-09T15:10:52.920
15:13:52.296 [ForkJoinPool.commonPool-worker-1] DEBUG FXGL                 - Initializing state machine and application states
15:13:52.298 [ForkJoinPool.commonPool-worker-1] DEBUG AssetLoader          - Loading from disk: /assets/ui/cursors/fxgl_default.png
15:13:52.301 [ForkJoinPool.commonPool-worker-1] DEBUG AssetLoader          - Loading from disk: /assets/ui/cursors/fxgl_default.png
15:13:52.308 [ForkJoinPool.commonPool-worker-1] DEBUG AssetLoader          - Loading from cache: /assets/ui/fonts/VarelaRound-Regular.ttf
15:13:52.310 [ForkJoinPool.commonPool-worker-1] DEBUG AssetLoader          - Loading from disk: /assets/ui/cursors/fxgl_default.png
15:13:52.313 [ForkJoinPool.commonPool-worker-1] DEBUG GameScene            - Game scene initialized: 800x600
15:13:52.316 [ForkJoinPool.commonPool-worker-1] DEBUG GameWorld            - Game world initialized
15:13:52.391 [ForkJoinPool.commonPool-worker-1] DEBUG PhysicsWorld         - Physics world initialized: appHeight=600, physics.ppm=50,0
15:13:52.412 [ForkJoinPool.commonPool-worker-1] DEBUG Input                - Registered new binding: Pause - Esc
15:13:52.471 [JavaFX Application Thread] DEBUG FXGL                 - Running preInit()
15:13:52.473 [JavaFX Application Thread] DEBUG Input                - Registered new binding: Screenshot - P
15:13:52.473 [JavaFX Application Thread] DEBUG Input                - Registered new binding: Dev Options - CTRL+0
15:13:52.474 [JavaFX Application Thread] DEBUG Input                - Registered new binding: System info dump - CTRL+9
15:13:52.474 [JavaFX Application Thread] DEBUG Input                - Registered new binding: Restart - CTRL+R
15:13:52.475 [JavaFX Application Thread] INFO  FXGL                 - FXGL initialization took: 0,626 sec
15:13:52.475 [JavaFX Application Thread] DEBUG LoopRunner           - Starting loop
15:13:52.477 [JavaFX Application Thread] DEBUG StartupState         - STARTUP
15:13:52.477 [JavaFX Application Thread] DEBUG GameApplication      - Starting new game
15:13:52.477 [JavaFX Application Thread] DEBUG Input                - Clearing active input actions
15:13:52.479 [JavaFX Application Thread] DEBUG AssetLoader          - Loading from disk: /assets/ui/css/fxgl_dark.css
15:13:52.487 [JavaFX Application Thread] DEBUG AppStateMachine      - StartupState -> LoadingState
15:13:52.492 [FXGL Background Thread 1 ] DEBUG InitAppTask          - Clearing previous game
15:13:52.492 [FXGL Background Thread 1 ] DEBUG GameWorld            - Clearing game world
15:13:52.492 [FXGL Background Thread 1 ] DEBUG PhysicsWorld         - Clearing physics world
15:13:52.492 [FXGL Background Thread 1 ] DEBUG GameScene            - Clearing game scene
15:13:52.520 [FXGL Background Thread 1 ] DEBUG InitAppTask          - Initializing Game
15:13:52.538 [FXGL Background Thread 1 ] DEBUG InitAppTask          - Initializing Physics
15:13:52.538 [FXGL Background Thread 1 ] DEBUG InitAppTask          - Initializing UI
15:13:52.538 [FXGL Background Thread 1 ] DEBUG InitAppTask          - Initialization Complete
15:13:52.538 [FXGL Background Thread 1 ] INFO  InitAppTask          - Game initialization took: 0,046 sec
15:13:52.564 [JavaFX Application Thread] DEBUG Input                - Clearing active input actions
15:13:52.564 [JavaFX Application Thread] DEBUG AssetLoader          - Loading from disk: /assets/ui/css/fxgl_dark.css
15:13:52.574 [JavaFX Application Thread] DEBUG AppStateMachine      - LoadingState -> PlayState
15:15:24.074 [JavaFX Application Thread] DEBUG FXGL                 - Exiting FXGL
15:15:24.074 [JavaFX Application Thread] DEBUG FXGL                 - Shutting down background threads
15:15:24.075 [JavaFX Application Thread] DEBUG FXGL                 - Saving FXGL system data
15:15:24.078 [JavaFX Application Thread] DEBUG DesktopFSService     - Writing to: system/fxgl.bundle
15:15:24.083 [JavaFX Application Thread] DEBUG FXGL                 - Closing logger and exiting JavaFX
