15:12:55.434 [JavaFX Application Thread] DEBUG GameApplication      - Logger initialized
15:12:55.453 [JavaFX Application Thread] DEBUG GameApplication      - Logging settings
Title: Discord Token Info - Credits 
Version: 0.0
Width: 800
Height: 600
Fullscreen: false
Intro: false
Menus: false
Profiling: false
Single step:false
App Mode: DEVELOPER
Menu Key: ESCAPE
Stage Style: DECORATED
Scene Factory: class com.almasb.fxgl.scene.SceneFactory
Dialog Factory: class com.almasb.fxgl.ui.FXGLDialogFactory
UI Factory: class com.almasb.fxgl.ui.FXGLUIFactory
Notification Service: class com.almasb.fxgl.gameplay.notification.XboxNotificationView
Exception Handler: class com.almasb.fxgl.app.FXGLExceptionHandler
15:12:55.453 [JavaFX Application Thread] DEBUG GameApplication      - Starting FXGL
15:12:55.464 [JavaFX Application Thread] INFO  FXGL                 - FXGL-0.5.4 on DESKTOP
15:12:55.465 [JavaFX Application Thread] INFO  FXGL                 - Source code and latest versions at: https://github.com/AlmasB/FXGL
15:12:55.465 [JavaFX Application Thread] INFO  FXGL                 -              Join the FXGL chat at: https://gitter.im/AlmasB/FXGL
15:12:55.465 [JavaFX Application Thread] DEBUG FXGL                 - FXGL started
15:12:55.465 [JavaFX Application Thread] DEBUG FXGL                 - Initializing FXGL
15:12:55.530 [JavaFX Application Thread] DEBUG AssetLoader          - Loading from disk: /assets/ui/cursors/fxgl_default.png
15:12:55.662 [JavaFX Application Thread] DEBUG AssetLoader          - Loading from disk: /assets/ui/fonts/VarelaRound-Regular.ttf
15:12:55.780 [JavaFX Application Thread] DEBUG MainWindow           - Creating a JavaFX scene
15:12:55.876 [JavaFX Application Thread] DEBUG MainWindow           - Target settings size: 800.0 x 600.0
15:12:55.876 [JavaFX Application Thread] DEBUG MainWindow           - Scaled scene size:    800.0 x 600.0
15:12:55.876 [JavaFX Application Thread] DEBUG MainWindow           - Scaled ratio: (1.0, 1.0)
15:12:55.880 [JavaFX Application Thread] DEBUG AssetLoader          - Loading from disk: /assets/ui/css/fxgl_dark.css
15:12:55.886 [JavaFX Application Thread] DEBUG AssetLoader          - Loading from disk: /assets/textures/fxgl_icon.png
15:12:55.912 [JavaFX Application Thread] DEBUG MainWindow           - Opening main window
15:12:56.155 [JavaFX Application Thread] DEBUG MainWindow           - Window border size: (0.0, 35.0)
15:12:56.155 [JavaFX Application Thread] DEBUG MainWindow           - Scaled size: 800.0 x 565.0
15:12:56.155 [JavaFX Application Thread] DEBUG MainWindow           - Scaled ratio: (1.0, 0.9416666666666667)
15:12:56.155 [JavaFX Application Thread] DEBUG MainWindow           - Scene size: 800.0 x 600.0
15:12:56.156 [JavaFX Application Thread] DEBUG MainWindow           - Stage size: 800.0 x 600.0
15:12:56.204 [ForkJoinPool.commonPool-worker-1] DEBUG FS                   - Loaded DesktopFSService
15:12:56.205 [ForkJoinPool.commonPool-worker-1] DEBUG FXGL                 - Loading FXGL system data
15:12:56.213 [ForkJoinPool.commonPool-worker-1] DEBUG DesktopFSService     - Reading from: system/fxgl.bundle
15:12:56.223 [ForkJoinPool.commonPool-worker-1] DEBUG Bundle               - Logging bundle: FXGL
15:12:56.225 [ForkJoinPool.commonPool-worker-1] DEBUG Bundle               - FXGL.offline.timer.version.check=2021-09-09T15:10:52.920
15:12:56.226 [ForkJoinPool.commonPool-worker-1] DEBUG FXGL                 - Initializing state machine and application states
15:12:56.228 [ForkJoinPool.commonPool-worker-1] DEBUG AssetLoader          - Loading from disk: /assets/ui/cursors/fxgl_default.png
15:12:56.232 [ForkJoinPool.commonPool-worker-1] DEBUG AssetLoader          - Loading from disk: /assets/ui/cursors/fxgl_default.png
15:12:56.238 [ForkJoinPool.commonPool-worker-1] DEBUG AssetLoader          - Loading from cache: /assets/ui/fonts/VarelaRound-Regular.ttf
15:12:56.241 [ForkJoinPool.commonPool-worker-1] DEBUG AssetLoader          - Loading from disk: /assets/ui/cursors/fxgl_default.png
15:12:56.244 [ForkJoinPool.commonPool-worker-1] DEBUG GameScene            - Game scene initialized: 800x600
15:12:56.249 [ForkJoinPool.commonPool-worker-1] DEBUG GameWorld            - Game world initialized
15:12:56.320 [ForkJoinPool.commonPool-worker-1] DEBUG PhysicsWorld         - Physics world initialized: appHeight=600, physics.ppm=50,0
15:12:56.341 [ForkJoinPool.commonPool-worker-1] DEBUG Input                - Registered new binding: Pause - Esc
15:12:56.392 [JavaFX Application Thread] DEBUG FXGL                 - Running preInit()
15:12:56.394 [JavaFX Application Thread] DEBUG Input                - Registered new binding: Screenshot - P
15:12:56.395 [JavaFX Application Thread] DEBUG Input                - Registered new binding: Dev Options - CTRL+0
15:12:56.395 [JavaFX Application Thread] DEBUG Input                - Registered new binding: System info dump - CTRL+9
15:12:56.396 [JavaFX Application Thread] DEBUG Input                - Registered new binding: Restart - CTRL+R
15:12:56.397 [JavaFX Application Thread] INFO  FXGL                 - FXGL initialization took: 0,932 sec
15:12:56.398 [JavaFX Application Thread] DEBUG LoopRunner           - Starting loop
15:12:56.399 [JavaFX Application Thread] DEBUG StartupState         - STARTUP
15:12:56.400 [JavaFX Application Thread] DEBUG GameApplication      - Starting new game
15:12:56.400 [JavaFX Application Thread] DEBUG Input                - Clearing active input actions
15:12:56.401 [JavaFX Application Thread] DEBUG AssetLoader          - Loading from disk: /assets/ui/css/fxgl_dark.css
15:12:56.409 [JavaFX Application Thread] DEBUG AppStateMachine      - StartupState -> LoadingState
15:12:56.414 [FXGL Background Thread 1 ] DEBUG InitAppTask          - Clearing previous game
15:12:56.414 [FXGL Background Thread 1 ] DEBUG GameWorld            - Clearing game world
15:12:56.414 [FXGL Background Thread 1 ] DEBUG PhysicsWorld         - Clearing physics world
15:12:56.415 [FXGL Background Thread 1 ] DEBUG GameScene            - Clearing game scene
15:12:56.416 [FXGL Background Thread 1 ] DEBUG InitAppTask          - Initializing Game
15:12:56.441 [FXGL Background Thread 1 ] DEBUG InitAppTask          - Initializing Physics
15:12:56.441 [FXGL Background Thread 1 ] DEBUG InitAppTask          - Initializing UI
15:12:56.441 [FXGL Background Thread 1 ] DEBUG InitAppTask          - Initialization Complete
15:12:56.441 [FXGL Background Thread 1 ] INFO  InitAppTask          - Game initialization took: 0,027 sec
15:12:56.458 [JavaFX Application Thread] DEBUG Input                - Clearing active input actions
15:12:56.458 [JavaFX Application Thread] DEBUG AssetLoader          - Loading from disk: /assets/ui/css/fxgl_dark.css
15:12:56.463 [JavaFX Application Thread] DEBUG AppStateMachine      - LoadingState -> PlayState
15:13:45.862 [JavaFX Application Thread] DEBUG FXGL                 - Exiting FXGL
15:13:45.862 [JavaFX Application Thread] DEBUG FXGL                 - Shutting down background threads
15:13:45.863 [JavaFX Application Thread] DEBUG FXGL                 - Saving FXGL system data
15:13:45.866 [JavaFX Application Thread] DEBUG DesktopFSService     - Writing to: system/fxgl.bundle
15:13:45.870 [JavaFX Application Thread] DEBUG FXGL                 - Closing logger and exiting JavaFX
